<?xml version="1.0" encoding="UTF-8"?>
<testng-results ignored="0" total="5" passed="4" failed="1" skipped="0">
  <reporter-output>
    <line>
      <![CDATA[--Database Connection Successful--]]>
    </line>
    <line>
      <![CDATA[--Browser Chrome Launched Successfully]]>
    </line>
    <line>
      <![CDATA[TestCase4 Smoke]]>
    </line>
    <line>
      <![CDATA[TestCase4 Regression]]>
    </line>
    <line>
      <![CDATA[TestCase4 NoSmoke-NoRegression]]>
    </line>
    <line>
      <![CDATA[TestCase4 RegionalRegression]]>
    </line>
    <line>
      <![CDATA[--Browser Closed Successfully--]]>
    </line>
    <line>
      <![CDATA[--Database Closed Successfully--]]>
    </line>
  </reporter-output>
  <suite started-at="2023-02-05T00:38:44 IST" name="Default suite" finished-at="2023-02-05T00:40:16 IST" duration-ms="91187">
    <groups>
      <group name="RegressionSuite">
        <method signature="TestCase4Test.demo2()[pri:0, instance:scripts.TestCase4Test@3527942a]" name="demo2" class="scripts.TestCase4Test"/>
      </group> <!-- RegressionSuite -->
      <group name="SmokeSuite">
        <method signature="TestCase4Test.demo1()[pri:0, instance:scripts.TestCase4Test@3527942a]" name="demo1" class="scripts.TestCase4Test"/>
        <method signature="TestCase4Test.tc4()[pri:0, instance:scripts.TestCase4Test@3527942a]" name="tc4" class="scripts.TestCase4Test"/>
      </group> <!-- SmokeSuite -->
    </groups>
    <test started-at="2023-02-05T00:38:44 IST" name="Default test" finished-at="2023-02-05T00:40:16 IST" duration-ms="91187">
      <class name="scripts.TestCase4Test">
        <test-method is-config="true" signature="bsConfig()[pri:0, instance:scripts.TestCase4Test@3527942a]" started-at="2023-02-05T00:38:41 IST" name="bsConfig" finished-at="2023-02-05T00:38:44 IST" duration-ms="3094" status="PASS">
          <reporter-output>
            <line>
              <![CDATA[--Database Connection Successful--]]>
            </line>
          </reporter-output>
        </test-method> <!-- bsConfig -->
        <test-method is-config="true" signature="bcConfig()[pri:0, instance:scripts.TestCase4Test@3527942a]" started-at="2023-02-05T00:38:46 IST" name="bcConfig" finished-at="2023-02-05T00:39:10 IST" duration-ms="23676" status="PASS">
          <reporter-output>
            <line>
              <![CDATA[--Browser Chrome Launched Successfully]]>
            </line>
          </reporter-output>
        </test-method> <!-- bcConfig -->
        <test-method is-config="true" signature="bmConfig()[pri:0, instance:scripts.TestCase4Test@3527942a]" started-at="2023-02-05T00:39:10 IST" name="bmConfig" finished-at="2023-02-05T00:39:10 IST" duration-ms="2" status="PASS">
          <reporter-output>
          </reporter-output>
        </test-method> <!-- bmConfig -->
        <test-method signature="demo1()[pri:0, instance:scripts.TestCase4Test@3527942a]" started-at="2023-02-05T00:39:10 IST" name="demo1" finished-at="2023-02-05T00:39:10 IST" duration-ms="110" status="PASS">
          <reporter-output>
            <line>
              <![CDATA[TestCase4 Smoke]]>
            </line>
          </reporter-output>
        </test-method> <!-- demo1 -->
        <test-method is-config="true" signature="amConfig()[pri:0, instance:scripts.TestCase4Test@3527942a]" started-at="2023-02-05T00:39:10 IST" name="amConfig" finished-at="2023-02-05T00:39:10 IST" duration-ms="0" status="PASS">
          <reporter-output>
          </reporter-output>
        </test-method> <!-- amConfig -->
        <test-method is-config="true" signature="bmConfig()[pri:0, instance:scripts.TestCase4Test@3527942a]" started-at="2023-02-05T00:39:10 IST" name="bmConfig" finished-at="2023-02-05T00:39:10 IST" duration-ms="1" status="PASS">
          <reporter-output>
          </reporter-output>
        </test-method> <!-- bmConfig -->
        <test-method signature="demo2()[pri:0, instance:scripts.TestCase4Test@3527942a]" started-at="2023-02-05T00:39:10 IST" name="demo2" finished-at="2023-02-05T00:39:10 IST" duration-ms="7" status="PASS">
          <reporter-output>
            <line>
              <![CDATA[TestCase4 Regression]]>
            </line>
          </reporter-output>
        </test-method> <!-- demo2 -->
        <test-method is-config="true" signature="amConfig()[pri:0, instance:scripts.TestCase4Test@3527942a]" started-at="2023-02-05T00:39:10 IST" name="amConfig" finished-at="2023-02-05T00:39:10 IST" duration-ms="0" status="PASS">
          <reporter-output>
          </reporter-output>
        </test-method> <!-- amConfig -->
        <test-method is-config="true" signature="bmConfig()[pri:0, instance:scripts.TestCase4Test@3527942a]" started-at="2023-02-05T00:39:10 IST" name="bmConfig" finished-at="2023-02-05T00:39:10 IST" duration-ms="1" status="PASS">
          <reporter-output>
          </reporter-output>
        </test-method> <!-- bmConfig -->
        <test-method signature="demo3()[pri:0, instance:scripts.TestCase4Test@3527942a]" started-at="2023-02-05T00:39:10 IST" name="demo3" finished-at="2023-02-05T00:39:10 IST" duration-ms="16" status="PASS">
          <reporter-output>
            <line>
              <![CDATA[TestCase4 NoSmoke-NoRegression]]>
            </line>
          </reporter-output>
        </test-method> <!-- demo3 -->
        <test-method is-config="true" signature="amConfig()[pri:0, instance:scripts.TestCase4Test@3527942a]" started-at="2023-02-05T00:39:10 IST" name="amConfig" finished-at="2023-02-05T00:39:10 IST" duration-ms="1" status="PASS">
          <reporter-output>
          </reporter-output>
        </test-method> <!-- amConfig -->
        <test-method is-config="true" signature="bmConfig()[pri:0, instance:scripts.TestCase4Test@3527942a]" started-at="2023-02-05T00:39:10 IST" name="bmConfig" finished-at="2023-02-05T00:39:10 IST" duration-ms="1" status="PASS">
          <reporter-output>
          </reporter-output>
        </test-method> <!-- bmConfig -->
        <test-method signature="demo4()[pri:0, instance:scripts.TestCase4Test@3527942a]" started-at="2023-02-05T00:39:10 IST" name="demo4" finished-at="2023-02-05T00:39:10 IST" duration-ms="9" status="PASS">
          <reporter-output>
            <line>
              <![CDATA[TestCase4 RegionalRegression]]>
            </line>
          </reporter-output>
        </test-method> <!-- demo4 -->
        <test-method is-config="true" signature="amConfig()[pri:0, instance:scripts.TestCase4Test@3527942a]" started-at="2023-02-05T00:39:10 IST" name="amConfig" finished-at="2023-02-05T00:39:10 IST" duration-ms="1" status="PASS">
          <reporter-output>
          </reporter-output>
        </test-method> <!-- amConfig -->
        <test-method is-config="true" signature="bmConfig()[pri:0, instance:scripts.TestCase4Test@3527942a]" started-at="2023-02-05T00:39:10 IST" name="bmConfig" finished-at="2023-02-05T00:39:10 IST" duration-ms="0" status="PASS">
          <reporter-output>
          </reporter-output>
        </test-method> <!-- bmConfig -->
        <test-method signature="tc4()[pri:0, instance:scripts.TestCase4Test@3527942a]" started-at="2023-02-05T00:39:10 IST" name="tc4" finished-at="2023-02-05T00:40:09 IST" duration-ms="58626" status="FAIL">
          <exception class="org.openqa.selenium.StaleElementReferenceException">
            <message>
              <![CDATA[stale element reference: element is not attached to the page document
  (Session info: chrome=109.0.5414.120)
For documentation on this error, please visit: https://selenium.dev/exceptions/#stale_element_reference
Build info: version: '4.4.0', revision: 'e5c75ed026a'
System info: host: 'DESKTOP-FRV6B16', ip: '192.168.29.27', os.name: 'Windows 10', os.arch: 'amd64', os.version: '10.0', java.version: '17.0.5'
Driver info: org.openqa.selenium.chrome.ChromeDriver
Command: [55bac7675ded5da3078aefa255f61ed5, getElementAttribute {id=169feabc-e670-4aa4-bcde-dddca9d4b0bb, name=innerHTML}]
Capabilities {acceptInsecureCerts: false, browserName: chrome, browserVersion: 109.0.5414.120, chrome: {chromedriverVersion: 109.0.5414.74 (e7c5703604da..., userDataDir: C:\Users\Prashant\AppData\L...}, goog:chromeOptions: {debuggerAddress: localhost:53360}, networkConnectionEnabled: false, pageLoadStrategy: normal, platformName: WINDOWS, proxy: Proxy(), se:cdp: ws://localhost:53360/devtoo..., se:cdpVersion: 109.0.5414.120, setWindowRect: true, strictFileInteractability: false, timeouts: {implicit: 0, pageLoad: 300000, script: 30000}, unhandledPromptBehavior: dismiss and notify, webauthn:extension:credBlob: true, webauthn:extension:largeBlob: true, webauthn:virtualAuthenticators: true}
Element: [[ChromeDriver: chrome on WINDOWS (55bac7675ded5da3078aefa255f61ed5)] -> xpath: //ul[@class="dropdown-menu mCustomScrollbar"]//li/a]
Session ID: 55bac7675ded5da3078aefa255f61ed5]]>
            </message>
            <full-stacktrace>
              <![CDATA[org.openqa.selenium.StaleElementReferenceException: stale element reference: element is not attached to the page document
  (Session info: chrome=109.0.5414.120)
For documentation on this error, please visit: https://selenium.dev/exceptions/#stale_element_reference
Build info: version: '4.4.0', revision: 'e5c75ed026a'
System info: host: 'DESKTOP-FRV6B16', ip: '192.168.29.27', os.name: 'Windows 10', os.arch: 'amd64', os.version: '10.0', java.version: '17.0.5'
Driver info: org.openqa.selenium.chrome.ChromeDriver
Command: [55bac7675ded5da3078aefa255f61ed5, getElementAttribute {id=169feabc-e670-4aa4-bcde-dddca9d4b0bb, name=innerHTML}]
Capabilities {acceptInsecureCerts: false, browserName: chrome, browserVersion: 109.0.5414.120, chrome: {chromedriverVersion: 109.0.5414.74 (e7c5703604da..., userDataDir: C:\Users\Prashant\AppData\L...}, goog:chromeOptions: {debuggerAddress: localhost:53360}, networkConnectionEnabled: false, pageLoadStrategy: normal, platformName: WINDOWS, proxy: Proxy(), se:cdp: ws://localhost:53360/devtoo..., se:cdpVersion: 109.0.5414.120, setWindowRect: true, strictFileInteractability: false, timeouts: {implicit: 0, pageLoad: 300000, script: 30000}, unhandledPromptBehavior: dismiss and notify, webauthn:extension:credBlob: true, webauthn:extension:largeBlob: true, webauthn:virtualAuthenticators: true}
Element: [[ChromeDriver: chrome on WINDOWS (55bac7675ded5da3078aefa255f61ed5)] -> xpath: //ul[@class="dropdown-menu mCustomScrollbar"]//li/a]
Session ID: 55bac7675ded5da3078aefa255f61ed5
at java.base/jdk.internal.reflect.NativeConstructorAccessorImpl.newInstance0(Native Method)
at java.base/jdk.internal.reflect.NativeConstructorAccessorImpl.newInstance(NativeConstructorAccessorImpl.java:77)
at java.base/jdk.internal.reflect.DelegatingConstructorAccessorImpl.newInstance(DelegatingConstructorAccessorImpl.java:45)
at java.base/java.lang.reflect.Constructor.newInstanceWithCaller(Constructor.java:499)
at java.base/java.lang.reflect.Constructor.newInstance(Constructor.java:480)
at org.openqa.selenium.remote.codec.w3c.W3CHttpResponseCodec.createException(W3CHttpResponseCodec.java:200)
at org.openqa.selenium.remote.codec.w3c.W3CHttpResponseCodec.decode(W3CHttpResponseCodec.java:133)
at org.openqa.selenium.remote.codec.w3c.W3CHttpResponseCodec.decode(W3CHttpResponseCodec.java:53)
at org.openqa.selenium.remote.HttpCommandExecutor.execute(HttpCommandExecutor.java:184)
at org.openqa.selenium.remote.service.DriverCommandExecutor.invokeExecute(DriverCommandExecutor.java:167)
at org.openqa.selenium.remote.service.DriverCommandExecutor.execute(DriverCommandExecutor.java:142)
at org.openqa.selenium.remote.RemoteWebDriver.execute(RemoteWebDriver.java:547)
at org.openqa.selenium.remote.RemoteWebElement.execute(RemoteWebElement.java:257)
at org.openqa.selenium.remote.RemoteWebElement.getAttribute(RemoteWebElement.java:158)
at scripts.TestCase4Test.tc4(TestCase4Test.java:24)
at java.base/jdk.internal.reflect.NativeMethodAccessorImpl.invoke0(Native Method)
at java.base/jdk.internal.reflect.NativeMethodAccessorImpl.invoke(NativeMethodAccessorImpl.java:77)
at java.base/jdk.internal.reflect.DelegatingMethodAccessorImpl.invoke(DelegatingMethodAccessorImpl.java:43)
at java.base/java.lang.reflect.Method.invoke(Method.java:568)
at org.testng.internal.MethodInvocationHelper.invokeMethod(MethodInvocationHelper.java:133)
at org.testng.internal.TestInvoker.invokeMethod(TestInvoker.java:598)
at org.testng.internal.TestInvoker.invokeTestMethod(TestInvoker.java:173)
at org.testng.internal.MethodRunner.runInSequence(MethodRunner.java:46)
at org.testng.internal.TestInvoker$MethodInvocationAgent.invoke(TestInvoker.java:824)
at org.testng.internal.TestInvoker.invokeTestMethods(TestInvoker.java:146)
at org.testng.internal.TestMethodWorker.invokeTestMethods(TestMethodWorker.java:146)
at org.testng.internal.TestMethodWorker.run(TestMethodWorker.java:128)
at java.base/java.util.ArrayList.forEach(ArrayList.java:1511)
at org.testng.TestRunner.privateRun(TestRunner.java:794)
at org.testng.TestRunner.run(TestRunner.java:596)
at org.testng.SuiteRunner.runTest(SuiteRunner.java:377)
at org.testng.SuiteRunner.runSequentially(SuiteRunner.java:371)
at org.testng.SuiteRunner.privateRun(SuiteRunner.java:332)
at org.testng.SuiteRunner.run(SuiteRunner.java:276)
at org.testng.SuiteRunnerWorker.runSuite(SuiteRunnerWorker.java:53)
at org.testng.SuiteRunnerWorker.run(SuiteRunnerWorker.java:96)
at org.testng.TestNG.runSuitesSequentially(TestNG.java:1212)
at org.testng.TestNG.runSuitesLocally(TestNG.java:1134)
at org.testng.TestNG.runSuites(TestNG.java:1063)
at org.testng.TestNG.run(TestNG.java:1031)
at org.testng.remote.AbstractRemoteTestNG.run(AbstractRemoteTestNG.java:115)
at org.testng.remote.RemoteTestNG.initAndRun(RemoteTestNG.java:251)
at org.testng.remote.RemoteTestNG.main(RemoteTestNG.java:77)
]]>
            </full-stacktrace>
          </exception> <!-- org.openqa.selenium.StaleElementReferenceException -->
          <reporter-output>
          </reporter-output>
        </test-method> <!-- tc4 -->
        <test-method is-config="true" signature="amConfig()[pri:0, instance:scripts.TestCase4Test@3527942a]" started-at="2023-02-05T00:40:13 IST" name="amConfig" finished-at="2023-02-05T00:40:13 IST" duration-ms="1" status="PASS">
          <reporter-output>
          </reporter-output>
        </test-method> <!-- amConfig -->
        <test-method is-config="true" signature="acConfig()[pri:0, instance:scripts.TestCase4Test@3527942a]" started-at="2023-02-05T00:40:13 IST" name="acConfig" finished-at="2023-02-05T00:40:16 IST" duration-ms="2858" status="PASS">
          <reporter-output>
            <line>
              <![CDATA[--Browser Closed Successfully--]]>
            </line>
          </reporter-output>
        </test-method> <!-- acConfig -->
        <test-method is-config="true" signature="asConfig()[pri:0, instance:scripts.TestCase4Test@3527942a]" started-at="2023-02-05T00:40:20 IST" name="asConfig" finished-at="2023-02-05T00:40:21 IST" duration-ms="154" status="PASS">
          <reporter-output>
            <line>
              <![CDATA[--Database Closed Successfully--]]>
            </line>
          </reporter-output>
        </test-method> <!-- asConfig -->
      </class> <!-- scripts.TestCase4Test -->
    </test> <!-- Default test -->
  </suite> <!-- Default suite -->
</testng-results>
